2020/05/11 08:34:56 - Kitchen - Logging is at level : Basic
2020/05/11 08:34:56 - Kitchen - Start of run.
2020/05/11 08:34:56 - RepositoriesMeta - Reading repositories XML file: C:\Users\work\.kettle\repositories.xml
2020/05/11 08:38:04 - Kitchen - Logging is at level : Basic
2020/05/11 08:38:04 - Kitchen - Start of run.
2020/05/11 08:38:04 - RepositoriesMeta - Reading repositories XML file: C:\Users\work\.kettle\repositories.xml
2020/05/11 08:38:12 - 00_mainjob_etl_apple_store - Start of job execution
2020/05/11 08:38:12 - 00_mainjob_etl_apple_store - Starting entry [load_stage]
2020/05/11 08:38:12 - load_stage - Using run configuration [Pentaho local]
2020/05/11 08:38:12 - load_stage - Using legacy execution engine
2020/05/11 08:38:12 - 01_stg_apple_store - Dispatching started for transformation [01_stg_apple_store]
2020/05/11 08:38:13 - Table output.0 - Connected to database [Postgres localhost public] (commit=1000)
2020/05/11 08:38:13 - CSV file input.0 - Header row skipped in file 'C:\teste_lopes_lab\etl\input\apple_store.csv'
2020/05/11 08:38:13 - CSV file input.0 - Finished processing (I=7198, O=0, R=0, W=7197, U=0, E=0)
2020/05/11 08:38:13 - Table output.0 - Finished processing (I=0, O=7197, R=7197, W=7197, U=0, E=0)
2020/05/11 08:38:13 - 00_mainjob_etl_apple_store - Starting entry [load dim genre]
2020/05/11 08:38:13 - load dim genre - Using run configuration [Pentaho local]
2020/05/11 08:38:13 - load dim genre - Using legacy execution engine
2020/05/11 08:38:13 - 02_dim_genre - Dispatching started for transformation [02_dim_genre]
2020/05/11 08:38:14 - d_genre.0 - Connected to database [Postgres localhost public] (commit=1000)
2020/05/11 08:38:14 - read_stg_apple_store.0 - Finished reading query, closing connection.
2020/05/11 08:38:14 - read_stg_apple_store.0 - Finished processing (I=24, O=0, R=0, W=24, U=0, E=0)
2020/05/11 08:38:14 - Add sequence.0 - Finished processing (I=0, O=0, R=24, W=24, U=0, E=0)
2020/05/11 08:38:14 - d_genre.0 - Finished processing (I=0, O=24, R=24, W=24, U=0, E=0)
2020/05/11 08:38:14 - 00_mainjob_etl_apple_store - Starting entry [load dim app]
2020/05/11 08:38:14 - load dim app - Using run configuration [Pentaho local]
2020/05/11 08:38:14 - load dim app - Using legacy execution engine
2020/05/11 08:38:14 - 03_dim_app - Dispatching started for transformation [03_dim_app]
2020/05/11 08:38:14 - Table output d_app.0 - Connected to database [Postgres localhost public] (commit=1000)
2020/05/11 08:38:14 - Table input d_genre.0 - Finished reading query, closing connection.
2020/05/11 08:38:14 - Table input d_genre.0 - Finished processing (I=24, O=0, R=0, W=24, U=0, E=0)
2020/05/11 08:38:14 - Table input stg_apple_store.0 - Finished reading query, closing connection.
2020/05/11 08:38:14 - Table input stg_apple_store.0 - Finished processing (I=7197, O=0, R=0, W=7197, U=0, E=0)
2020/05/11 08:38:14 - Merge join.0 - Finished processing (I=0, O=0, R=7221, W=7197, U=0, E=0)
2020/05/11 08:38:15 - Select values.0 - Finished processing (I=0, O=0, R=7197, W=7197, U=0, E=0)
2020/05/11 08:38:15 - Split fields.0 - Finished processing (I=0, O=0, R=7197, W=7197, U=0, E=0)
2020/05/11 08:38:15 - Table output d_app.0 - Finished processing (I=0, O=7197, R=7197, W=7197, U=0, E=0)
2020/05/11 08:38:15 - 00_mainjob_etl_apple_store - Starting entry [load fato apple store]
2020/05/11 08:38:15 - load fato apple store - Using run configuration [Pentaho local]
2020/05/11 08:38:15 - load fato apple store - Using legacy execution engine
2020/05/11 08:38:15 - 04_fato_apple_store - Dispatching started for transformation [04_fato_apple_store]
2020/05/11 08:38:15 - Table output f_apple_store.0 - Connected to database [Localhost Postgres public] (commit=1000)
2020/05/11 08:38:15 - Table input stg_apple_store.0 - Finished reading query, closing connection.
2020/05/11 08:38:15 - Table input stg_apple_store.0 - Finished processing (I=7197, O=0, R=0, W=7197, U=0, E=0)
2020/05/11 08:38:15 - Select values.0 - Finished processing (I=0, O=0, R=7197, W=7197, U=0, E=0)
2020/05/11 08:38:16 - Formula.0 - Finished processing (I=0, O=0, R=7197, W=7197, U=0, E=0)
2020/05/11 08:38:16 - Table output f_apple_store.0 - Finished processing (I=0, O=7197, R=7197, W=7197, U=0, E=0)
2020/05/11 08:38:16 - Carte - Installing timer to purge stale objects after 1440 minutes.
2020/05/11 08:38:16 - 00_mainjob_etl_apple_store - Starting entry [Success]
2020/05/11 08:38:16 - 00_mainjob_etl_apple_store - Starting entry [Mail sucesso]
2020/05/11 08:38:19 - 00_mainjob_etl_apple_store - Finished job entry [Mail sucesso] (result=[true])
2020/05/11 08:38:19 - 00_mainjob_etl_apple_store - Finished job entry [Success] (result=[true])
2020/05/11 08:38:19 - 00_mainjob_etl_apple_store - Finished job entry [load fato apple store] (result=[true])
2020/05/11 08:38:19 - 00_mainjob_etl_apple_store - Finished job entry [load dim app] (result=[true])
2020/05/11 08:38:19 - 00_mainjob_etl_apple_store - Finished job entry [load dim genre] (result=[true])
2020/05/11 08:38:19 - 00_mainjob_etl_apple_store - Finished job entry [load_stage] (result=[true])
2020/05/11 08:38:19 - 00_mainjob_etl_apple_store - Job execution finished
2020/05/11 08:38:19 - Kitchen - Finished!
2020/05/11 08:38:19 - Kitchen - Start=2020/05/11 08:38:04.116, Stop=2020/05/11 08:38:19.072
2020/05/11 08:38:19 - Kitchen - Processing ended after 14 seconds.
2020/05/11 10:16:34 - Kitchen - Logging is at level : Basic
2020/05/11 10:16:34 - Kitchen - Start of run.
2020/05/11 10:16:34 - RepositoriesMeta - Reading repositories XML file: C:\Users\work\.kettle\repositories.xml
2020/05/11 10:16:44 - 00_mainjob_etl_apple_store - Start of job execution
2020/05/11 10:16:44 - 00_mainjob_etl_apple_store - Starting entry [load_stage]
2020/05/11 10:16:44 - load_stage - Using run configuration [Pentaho local]
2020/05/11 10:16:44 - load_stage - Using legacy execution engine
2020/05/11 10:16:44 - 01_stg_apple_store - Dispatching started for transformation [01_stg_apple_store]
2020/05/11 10:16:44 - Table output.0 - Connected to database [Postgres localhost public] (commit=1000)
2020/05/11 10:16:44 - CSV file input.0 - Header row skipped in file 'C:\teste_lopes_lab\etl\input\apple_store.csv'
2020/05/11 10:16:45 - CSV file input.0 - Finished processing (I=7198, O=0, R=0, W=7197, U=0, E=0)
2020/05/11 10:16:45 - Table output.0 - Finished processing (I=0, O=7197, R=7197, W=7197, U=0, E=0)
2020/05/11 10:16:45 - 00_mainjob_etl_apple_store - Starting entry [load dim genre]
2020/05/11 10:16:45 - load dim genre - Using run configuration [Pentaho local]
2020/05/11 10:16:45 - load dim genre - Using legacy execution engine
2020/05/11 10:16:45 - Carte - Installing timer to purge stale objects after 1440 minutes.
2020/05/11 10:16:45 - 02_dim_genre - Dispatching started for transformation [02_dim_genre]
2020/05/11 10:16:45 - d_genre.0 - Connected to database [Postgres localhost public] (commit=1000)
2020/05/11 10:16:45 - read_stg_apple_store.0 - Finished reading query, closing connection.
2020/05/11 10:16:45 - read_stg_apple_store.0 - Finished processing (I=24, O=0, R=0, W=24, U=0, E=0)
2020/05/11 10:16:45 - Add sequence.0 - Finished processing (I=0, O=0, R=24, W=24, U=0, E=0)
2020/05/11 10:16:45 - d_genre.0 - Finished processing (I=0, O=24, R=24, W=24, U=0, E=0)
2020/05/11 10:16:45 - 00_mainjob_etl_apple_store - Starting entry [load dim app]
2020/05/11 10:16:45 - load dim app - Using run configuration [Pentaho local]
2020/05/11 10:16:45 - load dim app - Using legacy execution engine
2020/05/11 10:16:45 - 03_dim_app - Dispatching started for transformation [03_dim_app]
2020/05/11 10:16:46 - Table output d_app.0 - Connected to database [Postgres localhost public] (commit=1000)
2020/05/11 10:16:46 - Table input d_genre.0 - Finished reading query, closing connection.
2020/05/11 10:16:46 - Table input d_genre.0 - Finished processing (I=24, O=0, R=0, W=24, U=0, E=0)
2020/05/11 10:16:46 - Table input stg_apple_store.0 - Finished reading query, closing connection.
2020/05/11 10:16:46 - Table input stg_apple_store.0 - Finished processing (I=7197, O=0, R=0, W=7197, U=0, E=0)
2020/05/11 10:16:46 - Merge join.0 - Finished processing (I=0, O=0, R=7221, W=7197, U=0, E=0)
2020/05/11 10:16:46 - Select values.0 - Finished processing (I=0, O=0, R=7197, W=7197, U=0, E=0)
2020/05/11 10:16:46 - Split fields.0 - Finished processing (I=0, O=0, R=7197, W=7197, U=0, E=0)
2020/05/11 10:16:46 - Table output d_app.0 - Finished processing (I=0, O=7197, R=7197, W=7197, U=0, E=0)
2020/05/11 10:16:46 - 00_mainjob_etl_apple_store - Starting entry [load fato apple store]
2020/05/11 10:16:46 - load fato apple store - Using run configuration [Pentaho local]
2020/05/11 10:16:46 - load fato apple store - Using legacy execution engine
2020/05/11 10:16:46 - 04_fato_apple_store - Dispatching started for transformation [04_fato_apple_store]
2020/05/11 10:16:46 - Table output f_apple_store.0 - Connected to database [Localhost Postgres public] (commit=1000)
2020/05/11 10:16:46 - Table input stg_apple_store.0 - Finished reading query, closing connection.
2020/05/11 10:16:46 - Table input stg_apple_store.0 - Finished processing (I=7197, O=0, R=0, W=7197, U=0, E=0)
2020/05/11 10:16:46 - Select values.0 - Finished processing (I=0, O=0, R=7197, W=7197, U=0, E=0)
2020/05/11 10:16:47 - Formula.0 - Finished processing (I=0, O=0, R=7197, W=7197, U=0, E=0)
2020/05/11 10:16:47 - Table output f_apple_store.0 - Finished processing (I=0, O=7197, R=7197, W=7197, U=0, E=0)
2020/05/11 10:16:47 - 00_mainjob_etl_apple_store - Starting entry [Success]
2020/05/11 10:16:47 - 00_mainjob_etl_apple_store - Starting entry [Mail sucesso]
2020/05/11 10:16:50 - 00_mainjob_etl_apple_store - Finished job entry [Mail sucesso] (result=[true])
2020/05/11 10:16:50 - 00_mainjob_etl_apple_store - Finished job entry [Success] (result=[true])
2020/05/11 10:16:50 - 00_mainjob_etl_apple_store - Finished job entry [load fato apple store] (result=[true])
2020/05/11 10:16:50 - 00_mainjob_etl_apple_store - Finished job entry [load dim app] (result=[true])
2020/05/11 10:16:50 - 00_mainjob_etl_apple_store - Finished job entry [load dim genre] (result=[true])
2020/05/11 10:16:50 - 00_mainjob_etl_apple_store - Finished job entry [load_stage] (result=[true])
2020/05/11 10:16:50 - 00_mainjob_etl_apple_store - Job execution finished
2020/05/11 10:16:50 - Kitchen - Finished!
2020/05/11 10:16:50 - Kitchen - Start=2020/05/11 10:16:34.573, Stop=2020/05/11 10:16:50.612
2020/05/11 10:16:50 - Kitchen - Processing ended after 16 seconds.
